# JRE version: OpenJDK Runtime Environment Microsoft-8902769 (17.0.10+7) (build 17.0.10+7-LTS)
# Java VM: OpenJDK 64-Bit Server VM Microsoft-8902769 (17.0.10+7-LTS, mixed mode, sharing, tiered, compressed oops, compressed class ptrs, g1 gc, windows-amd64)
GC Precious Log:
 CPUs: 4 total, 4 available
 Memory: 8030M
 Large Page Support: Disabled
 NUMA Support: Disabled
 Compressed Oops: Enabled (32-bit)
 Heap Region Size: 1M
 Heap Min Capacity: 8M
 Heap Initial Capacity: 126M
 Heap Max Capacity: 2G
 Pre-touch: Disabled
 Parallel Workers: 4
 Concurrent Workers: 1
 Concurrent Refinement Workers: 4
 Periodic GC: Disabled
Heap:
 garbage-first heap   total 234496K, used 142508K [0x0000000080000000, 0x0000000100000000)
  region size 1024K, 6 young (6144K), 6 survivors (6144K)
 Metaspace       used 97498K, committed 98688K, reserved 557056K
  class space    used 13733K, committed 14272K, reserved 425984K
GC Heap History (20 events):
Event: 91.042 GC heap after
{Heap after GC invocations=53 (full 0):
 garbage-first heap   total 158720K, used 102815K [0x0000000080000000, 0x0000000100000000)
  region size 1024K, 3 young (3072K), 3 survivors (3072K)
 Metaspace       used 86550K, committed 87424K, reserved 557056K
  class space    used 12107K, committed 12544K, reserved 425984K
}
Event: 92.089 GC heap before
{Heap before GC invocations=53 (full 0):
 garbage-first heap   total 158720K, used 132511K [0x0000000080000000, 0x0000000100000000)
  region size 1024K, 32 young (32768K), 3 survivors (3072K)
 Metaspace       used 88568K, committed 89472K, reserved 557056K
  class space    used 12543K, committed 12992K, reserved 425984K
}
Event: 92.094 GC heap after
{Heap after GC invocations=54 (full 0):
 garbage-first heap   total 158720K, used 102388K [0x0000000080000000, 0x0000000100000000)
  region size 1024K, 2 young (2048K), 2 survivors (2048K)
 Metaspace       used 88568K, committed 89472K, reserved 557056K
  class space    used 12543K, committed 12992K, reserved 425984K
}
Event: 93.041 GC heap before
{Heap before GC invocations=55 (full 0):
 garbage-first heap   total 186368K, used 131060K [0x0000000080000000, 0x0000000100000000)
  region size 1024K, 30 young (30720K), 2 survivors (2048K)
 Metaspace       used 90306K, committed 91200K, reserved 557056K
  class space    used 12799K, committed 13248K, reserved 425984K
}
Event: 93.050 GC heap after
{Heap after GC invocations=56 (full 0):
 garbage-first heap   total 186368K, used 103588K [0x0000000080000000, 0x0000000100000000)
  region size 1024K, 3 young (3072K), 3 survivors (3072K)
 Metaspace       used 90306K, committed 91200K, reserved 557056K
  class space    used 12799K, committed 13248K, reserved 425984K
}
Event: 93.233 GC heap before
{Heap before GC invocations=56 (full 0):
 garbage-first heap   total 186368K, used 109732K [0x0000000080000000, 0x0000000100000000)
  region size 1024K, 9 young (9216K), 3 survivors (3072K)
 Metaspace       used 90656K, committed 91520K, reserved 557056K
  class space    used 12855K, committed 13312K, reserved 425984K
}
Event: 93.240 GC heap after
{Heap after GC invocations=57 (full 0):
 garbage-first heap   total 186368K, used 103416K [0x0000000080000000, 0x0000000100000000)
  region size 1024K, 1 young (1024K), 1 survivors (1024K)
 Metaspace       used 90656K, committed 91520K, reserved 557056K
  class space    used 12855K, committed 13312K, reserved 425984K
}
Event: 94.838 GC heap before
{Heap before GC invocations=57 (full 0):
 garbage-first heap   total 186368K, used 154616K [0x0000000080000000, 0x0000000100000000)
  region size 1024K, 51 young (52224K), 1 survivors (1024K)
 Metaspace       used 92879K, committed 93696K, reserved 557056K
  class space    used 13145K, committed 13568K, reserved 425984K
}
Event: 94.846 GC heap after
{Heap after GC invocations=58 (full 0):
 garbage-first heap   total 186368K, used 106838K [0x0000000080000000, 0x0000000100000000)
  region size 1024K, 4 young (4096K), 4 survivors (4096K)
 Metaspace       used 92879K, committed 93696K, reserved 557056K
  class space    used 13145K, committed 13568K, reserved 425984K
}
Event: 96.297 GC heap before
{Heap before GC invocations=58 (full 0):
 garbage-first heap   total 186368K, used 154966K [0x0000000080000000, 0x0000000100000000)
  region size 1024K, 51 young (52224K), 4 survivors (4096K)
 Metaspace       used 94511K, committed 95488K, reserved 557056K
  class space    used 13409K, committed 13888K, reserved 425984K
}
Event: 96.311 GC heap after
{Heap after GC invocations=59 (full 0):
 garbage-first heap   total 186368K, used 112604K [0x0000000080000000, 0x0000000100000000)
  region size 1024K, 6 young (6144K), 6 survivors (6144K)
 Metaspace       used 94511K, committed 95488K, reserved 557056K
  class space    used 13409K, committed 13888K, reserved 425984K
}
Event: 97.862 GC heap before
{Heap before GC invocations=59 (full 0):
 garbage-first heap   total 186368K, used 155612K [0x0000000080000000, 0x0000000100000000)
  region size 1024K, 47 young (48128K), 6 survivors (6144K)
 Metaspace       used 96293K, committed 97280K, reserved 557056K
  class space    used 13592K, committed 14080K, reserved 425984K
}
Event: 97.877 GC heap after
{Heap after GC invocations=60 (full 0):
 garbage-first heap   total 186368K, used 123348K [0x0000000080000000, 0x0000000100000000)
  region size 1024K, 6 young (6144K), 6 survivors (6144K)
 Metaspace       used 96293K, committed 97280K, reserved 557056K
  class space    used 13592K, committed 14080K, reserved 425984K
}
Event: 98.802 GC heap before
{Heap before GC invocations=60 (full 0):
 garbage-first heap   total 186368K, used 154068K [0x0000000080000000, 0x0000000100000000)
  region size 1024K, 35 young (35840K), 6 survivors (6144K)
 Metaspace       used 96593K, committed 97536K, reserved 557056K
  class space    used 13617K, committed 14080K, reserved 425984K
}
Event: 98.815 GC heap after
{Heap after GC invocations=61 (full 0):
 garbage-first heap   total 186368K, used 132435K [0x0000000080000000, 0x0000000100000000)
  region size 1024K, 5 young (5120K), 5 survivors (5120K)
 Metaspace       used 96593K, committed 97536K, reserved 557056K
  class space    used 13617K, committed 14080K, reserved 425984K
}
Event: 99.463 GC heap before
{Heap before GC invocations=62 (full 0):
 garbage-first heap   total 234496K, used 152915K [0x0000000080000000, 0x0000000100000000)
  region size 1024K, 25 young (25600K), 5 survivors (5120K)
 Metaspace       used 96802K, committed 97856K, reserved 557056K
  class space    used 13645K, committed 14144K, reserved 425984K
}
Event: 99.475 GC heap after
{Heap after GC invocations=63 (full 0):
 garbage-first heap   total 234496K, used 136081K [0x0000000080000000, 0x0000000100000000)
  region size 1024K, 4 young (4096K), 4 survivors (4096K)
 Metaspace       used 96802K, committed 97856K, reserved 557056K
  class space    used 13645K, committed 14144K, reserved 425984K
}
Event: 99.751 GC heap before
{Heap before GC invocations=63 (full 0):
 garbage-first heap   total 234496K, used 143249K [0x0000000080000000, 0x0000000100000000)
  region size 1024K, 11 young (11264K), 4 survivors (4096K)
 Metaspace       used 97088K, committed 98176K, reserved 557056K
  class space    used 13695K, committed 14208K, reserved 425984K
}
Event: 99.760 GC heap after
{Heap after GC invocations=64 (full 0):
 garbage-first heap   total 234496K, used 135965K [0x0000000080000000, 0x0000000100000000)
  region size 1024K, 2 young (2048K), 2 survivors (2048K)
 Metaspace       used 97088K, committed 98176K, reserved 557056K
  class space    used 13695K, committed 14208K, reserved 425984K
}
Event: 101.581 GC heap before
{Heap before GC invocations=64 (full 0):
 garbage-first heap   total 234496K, used 181021K [0x0000000080000000, 0x0000000100000000)
  region size 1024K, 47 young (48128K), 2 survivors (2048K)
 Metaspace       used 97498K, committed 98688K, reserved 557056K
  class space    used 13733K, committed 14272K, reserved 425984K
}

