# JRE version: OpenJDK Runtime Environment Microsoft-8902769 (17.0.10+7) (build 17.0.10+7-LTS)
# Java VM: OpenJDK 64-Bit Server VM Microsoft-8902769 (17.0.10+7-LTS, mixed mode, sharing, tiered, compressed oops, compressed class ptrs, g1 gc, windows-amd64)
GC Precious Log:
 CPUs: 4 total, 4 available
 Memory: 8030M
 Large Page Support: Disabled
 NUMA Support: Disabled
 Compressed Oops: Enabled (32-bit)
 Heap Region Size: 1M
 Heap Min Capacity: 64M
 Heap Initial Capacity: 64M
 Heap Max Capacity: 64M
 Pre-touch: Disabled
 Parallel Workers: 4
 Concurrent Workers: 1
 Concurrent Refinement Workers: 4
 Periodic GC: Disabled
Heap:
 garbage-first heap   total 65536K, used 13642K [0x00000000fc000000, 0x0000000100000000)
  region size 1024K, 4 young (4096K), 2 survivors (2048K)
 Metaspace       used 10025K, committed 10240K, reserved 1114112K
  class space    used 1295K, committed 1408K, reserved 1048576K
GC Heap History (6 events):
Event: 1.435 GC heap before
{Heap before GC invocations=0 (full 0):
 garbage-first heap   total 65536K, used 12288K [0x00000000fc000000, 0x0000000100000000)
  region size 1024K, 13 young (13312K), 0 survivors (0K)
 Metaspace       used 1828K, committed 1920K, reserved 1114112K
  class space    used 166K, committed 192K, reserved 1048576K
}
Event: 1.458 GC heap after
{Heap after GC invocations=1 (full 0):
 garbage-first heap   total 65536K, used 2640K [0x00000000fc000000, 0x0000000100000000)
  region size 1024K, 2 young (2048K), 2 survivors (2048K)
 Metaspace       used 1828K, committed 1920K, reserved 1114112K
  class space    used 166K, committed 192K, reserved 1048576K
}
Event: 2.580 GC heap before
{Heap before GC invocations=1 (full 0):
 garbage-first heap   total 65536K, used 22096K [0x00000000fc000000, 0x0000000100000000)
  region size 1024K, 18 young (18432K), 2 survivors (2048K)
 Metaspace       used 5196K, committed 5376K, reserved 1114112K
  class space    used 694K, committed 768K, reserved 1048576K
}
Event: 2.585 GC heap after
{Heap after GC invocations=2 (full 0):
 garbage-first heap   total 65536K, used 11057K [0x00000000fc000000, 0x0000000100000000)
  region size 1024K, 3 young (3072K), 3 survivors (3072K)
 Metaspace       used 5196K, committed 5376K, reserved 1114112K
  class space    used 694K, committed 768K, reserved 1048576K
}
Event: 161.790 GC heap before
{Heap before GC invocations=2 (full 0):
 garbage-first heap   total 65536K, used 31537K [0x00000000fc000000, 0x0000000100000000)
  region size 1024K, 23 young (23552K), 3 survivors (3072K)
 Metaspace       used 9890K, committed 10048K, reserved 1114112K
  class space    used 1280K, committed 1344K, reserved 1048576K
}
Event: 161.825 GC heap after
{Heap after GC invocations=3 (full 0):
 garbage-first heap   total 65536K, used 12618K [0x00000000fc000000, 0x0000000100000000)
  region size 1024K, 2 young (2048K), 2 survivors (2048K)
 Metaspace       used 9890K, committed 10048K, reserved 1114112K
  class space    used 1280K, committed 1344K, reserved 1048576K
}

