# JRE version: OpenJDK Runtime Environment Microsoft-8902769 (17.0.10+7) (build 17.0.10+7-LTS)
# Java VM: OpenJDK 64-Bit Server VM Microsoft-8902769 (17.0.10+7-LTS, mixed mode, sharing, tiered, compressed oops, compressed class ptrs, g1 gc, windows-amd64)
GC Precious Log:
 CPUs: 4 total, 4 available
 Memory: 8030M
 Large Page Support: Disabled
 NUMA Support: Disabled
 Compressed Oops: Enabled (32-bit)
 Heap Region Size: 1M
 Heap Min Capacity: 8M
 Heap Initial Capacity: 126M
 Heap Max Capacity: 2G
 Pre-touch: Disabled
 Parallel Workers: 4
 Concurrent Workers: 1
 Concurrent Refinement Workers: 4
 Periodic GC: Disabled
Heap:
 garbage-first heap   total 343040K, used 286866K [0x0000000080000000, 0x0000000100000000)
  region size 1024K, 11 young (11264K), 3 survivors (3072K)
 Metaspace       used 120333K, committed 121856K, reserved 557056K
  class space    used 16459K, committed 17152K, reserved 425984K
GC Heap History (20 events):
Event: 155.853 GC heap before
{Heap before GC invocations=86 (full 0):
 garbage-first heap   total 343040K, used 297343K [0x0000000080000000, 0x0000000100000000)
  region size 1024K, 34 young (34816K), 4 survivors (4096K)
 Metaspace       used 114340K, committed 115776K, reserved 557056K
  class space    used 15787K, committed 16448K, reserved 425984K
}
Event: 155.866 GC heap after
{Heap after GC invocations=87 (full 0):
 garbage-first heap   total 343040K, used 269171K [0x0000000080000000, 0x0000000100000000)
  region size 1024K, 4 young (4096K), 4 survivors (4096K)
 Metaspace       used 114340K, committed 115776K, reserved 557056K
  class space    used 15787K, committed 16448K, reserved 425984K
}
Event: 156.461 GC heap before
{Heap before GC invocations=87 (full 0):
 garbage-first heap   total 343040K, used 296819K [0x0000000080000000, 0x0000000100000000)
  region size 1024K, 32 young (32768K), 4 survivors (4096K)
 Metaspace       used 114349K, committed 115840K, reserved 557056K
  class space    used 15787K, committed 16448K, reserved 425984K
}
Event: 156.470 GC heap after
{Heap after GC invocations=88 (full 0):
 garbage-first heap   total 343040K, used 270065K [0x0000000080000000, 0x0000000100000000)
  region size 1024K, 3 young (3072K), 3 survivors (3072K)
 Metaspace       used 114349K, committed 115840K, reserved 557056K
  class space    used 15787K, committed 16448K, reserved 425984K
}
Event: 157.213 GC heap before
{Heap before GC invocations=88 (full 0):
 garbage-first heap   total 343040K, used 297713K [0x0000000080000000, 0x0000000100000000)
  region size 1024K, 31 young (31744K), 3 survivors (3072K)
 Metaspace       used 114378K, committed 115840K, reserved 557056K
  class space    used 15788K, committed 16448K, reserved 425984K
}
Event: 157.223 GC heap after
{Heap after GC invocations=89 (full 0):
 garbage-first heap   total 343040K, used 271213K [0x0000000080000000, 0x0000000100000000)
  region size 1024K, 4 young (4096K), 4 survivors (4096K)
 Metaspace       used 114378K, committed 115840K, reserved 557056K
  class space    used 15788K, committed 16448K, reserved 425984K
}
Event: 158.288 GC heap before
{Heap before GC invocations=89 (full 0):
 garbage-first heap   total 343040K, used 296813K [0x0000000080000000, 0x0000000100000000)
  region size 1024K, 30 young (30720K), 4 survivors (4096K)
 Metaspace       used 114388K, committed 115840K, reserved 557056K
  class space    used 15789K, committed 16448K, reserved 425984K
}
Event: 158.295 GC heap after
{Heap after GC invocations=90 (full 0):
 garbage-first heap   total 343040K, used 272009K [0x0000000080000000, 0x0000000100000000)
  region size 1024K, 3 young (3072K), 3 survivors (3072K)
 Metaspace       used 114388K, committed 115840K, reserved 557056K
  class space    used 15789K, committed 16448K, reserved 425984K
}
Event: 158.735 GC heap before
{Heap before GC invocations=90 (full 0):
 garbage-first heap   total 343040K, used 297609K [0x0000000080000000, 0x0000000100000000)
  region size 1024K, 29 young (29696K), 3 survivors (3072K)
 Metaspace       used 114390K, committed 115840K, reserved 557056K
  class space    used 15789K, committed 16448K, reserved 425984K
}
Event: 158.747 GC heap after
{Heap after GC invocations=91 (full 0):
 garbage-first heap   total 343040K, used 272384K [0x0000000080000000, 0x0000000100000000)
  region size 1024K, 3 young (3072K), 3 survivors (3072K)
 Metaspace       used 114390K, committed 115840K, reserved 557056K
  class space    used 15789K, committed 16448K, reserved 425984K
}
Event: 159.393 GC heap before
{Heap before GC invocations=91 (full 0):
 garbage-first heap   total 343040K, used 303104K [0x0000000080000000, 0x0000000100000000)
  region size 1024K, 29 young (29696K), 3 survivors (3072K)
 Metaspace       used 115580K, committed 117056K, reserved 557056K
  class space    used 15888K, committed 16576K, reserved 425984K
}
Event: 159.404 GC heap after
{Heap after GC invocations=92 (full 0):
 garbage-first heap   total 343040K, used 273441K [0x0000000080000000, 0x0000000100000000)
  region size 1024K, 3 young (3072K), 3 survivors (3072K)
 Metaspace       used 115580K, committed 117056K, reserved 557056K
  class space    used 15888K, committed 16576K, reserved 425984K
}
Event: 160.093 GC heap before
{Heap before GC invocations=92 (full 0):
 garbage-first heap   total 343040K, used 298017K [0x0000000080000000, 0x0000000100000000)
  region size 1024K, 28 young (28672K), 3 survivors (3072K)
 Metaspace       used 116916K, committed 118464K, reserved 557056K
  class space    used 16049K, committed 16768K, reserved 425984K
}
Event: 160.099 GC heap after
{Heap after GC invocations=93 (full 0):
 garbage-first heap   total 343040K, used 274501K [0x0000000080000000, 0x0000000100000000)
  region size 1024K, 2 young (2048K), 2 survivors (2048K)
 Metaspace       used 116916K, committed 118464K, reserved 557056K
  class space    used 16049K, committed 16768K, reserved 425984K
}
Event: 161.879 GC heap before
{Heap before GC invocations=93 (full 0):
 garbage-first heap   total 343040K, used 298053K [0x0000000080000000, 0x0000000100000000)
  region size 1024K, 26 young (26624K), 2 survivors (2048K)
 Metaspace       used 118475K, committed 120064K, reserved 557056K
  class space    used 16220K, committed 16960K, reserved 425984K
}
Event: 161.885 GC heap after
{Heap after GC invocations=94 (full 0):
 garbage-first heap   total 343040K, used 275853K [0x0000000080000000, 0x0000000100000000)
  region size 1024K, 4 young (4096K), 4 survivors (4096K)
 Metaspace       used 118475K, committed 120064K, reserved 557056K
  class space    used 16220K, committed 16960K, reserved 425984K
}
Event: 162.744 GC heap before
{Heap before GC invocations=94 (full 0):
 garbage-first heap   total 343040K, used 298381K [0x0000000080000000, 0x0000000100000000)
  region size 1024K, 27 young (27648K), 4 survivors (4096K)
 Metaspace       used 118525K, committed 120064K, reserved 557056K
  class space    used 16227K, committed 16960K, reserved 425984K
}
Event: 162.755 GC heap after
{Heap after GC invocations=95 (full 0):
 garbage-first heap   total 343040K, used 277250K [0x0000000080000000, 0x0000000100000000)
  region size 1024K, 4 young (4096K), 4 survivors (4096K)
 Metaspace       used 118525K, committed 120064K, reserved 557056K
  class space    used 16227K, committed 16960K, reserved 425984K
}
Event: 173.943 GC heap before
{Heap before GC invocations=95 (full 0):
 garbage-first heap   total 343040K, used 299778K [0x0000000080000000, 0x0000000100000000)
  region size 1024K, 27 young (27648K), 4 survivors (4096K)
 Metaspace       used 119965K, committed 121472K, reserved 557056K
  class space    used 16406K, committed 17088K, reserved 425984K
}
Event: 173.956 GC heap after
{Heap after GC invocations=96 (full 0):
 garbage-first heap   total 343040K, used 279698K [0x0000000080000000, 0x0000000100000000)
  region size 1024K, 3 young (3072K), 3 survivors (3072K)
 Metaspace       used 119965K, committed 121472K, reserved 557056K
  class space    used 16406K, committed 17088K, reserved 425984K
}

